<?xml version="1.0" encoding="UTF-8"?>
<!-- Generated by org.testng.reporters.JUnitReportReporter -->
<testsuite hostname="DESKTOP-J2SQC1V" failures="0" tests="1" name="Com.testscenarious.dropdowntwo" time="4.541" errors="0" timestamp="2022-11-04T17:20:18 IST" skipped="0">
  <testcase classname="Com.testscenarious.dropdowntwo" name="f" time="4.541"/>
  <system-out/>
</testsuite> <!-- Com.testscenarious.dropdowntwo -->
