<?xml version="1.0" encoding="UTF-8"?>
<!-- Generated by org.testng.reporters.JUnitReportReporter -->
<testsuite hostname="DESKTOP-J2SQC1V" failures="0" tests="1" name="Com.testscenarious.Implicitwaittest" time="8.309" errors="0" timestamp="2022-11-10T17:52:20 IST" skipped="0">
  <testcase classname="Com.testscenarious.Implicitwaittest" name="f" time="8.309"/>
  <system-out/>
</testsuite> <!-- Com.testscenarious.Implicitwaittest -->
