<?xml version="1.0" encoding="UTF-8"?>
<!-- Generated by org.testng.reporters.JUnitReportReporter -->
<testsuite hostname="DESKTOP-J2SQC1V" failures="0" tests="1" name="Com.testscenarious.NewTestdropdown" time="8.857" errors="0" timestamp="2022-11-04T17:09:02 IST" skipped="0">
  <testcase classname="Com.testscenarious.NewTestdropdown" name="f" time="8.857"/>
  <system-out/>
</testsuite> <!-- Com.testscenarious.NewTestdropdown -->
