<?xml version="1.0" encoding="UTF-8"?>
<!-- Generated by org.testng.reporters.JUnitReportReporter -->
<testsuite hostname="DESKTOP-J2SQC1V" failures="0" tests="1" name="Com.testscenarious.Dropdownthree" time="13.736" errors="0" timestamp="2022-11-05T17:50:33 IST" skipped="0">
  <testcase classname="Com.testscenarious.Dropdownthree" name="f" time="13.736"/>
  <system-out/>
</testsuite> <!-- Com.testscenarious.Dropdownthree -->
