<?xml version="1.0" encoding="UTF-8"?>
<!-- Generated by org.testng.reporters.JUnitReportReporter -->
<testsuite hostname="DESKTOP-J2SQC1V" failures="0" tests="1" name="Com.testscenarious.Getallerrormessages" time="17.017" errors="0" timestamp="2022-11-05T18:52:46 IST" skipped="0">
  <testcase classname="Com.testscenarious.Getallerrormessages" name="f" time="17.017"/>
  <system-out/>
</testsuite> <!-- Com.testscenarious.Getallerrormessages -->
