<?xml version="1.0" encoding="UTF-8"?>
<!-- Generated by org.testng.reporters.JUnitReportReporter -->
<testsuite hostname="DESKTOP-J2SQC1V" failures="0" tests="1" name="Com.testscenarious.gettextfromalert" time="40.138" errors="0" timestamp="2022-11-07T15:30:35 IST" skipped="0">
  <testcase classname="Com.testscenarious.gettextfromalert" name="f" time="40.138"/>
  <system-out/>
</testsuite> <!-- Com.testscenarious.gettextfromalert -->
